<?xml version="1.0" encoding="UTF-8"?>
<!-- Generated by org.testng.reporters.JUnitXMLReporter -->
<testsuite ignored="6" hostname="56VF424" failures="0" tests="3" name="Regression" time="0.052" errors="0" timestamp="2024-07-18T12:29:17 IST">
  <testcase classname="Test.day3" name="homeLoanMobLogin" time="0.005"/>
  <testcase classname="Test.day2" name="carLoanwebLogin" time="0.0"/>
  <testcase classname="Test.day1" name="personalLoan" time="0.0"/>
  <testcase classname="Test.day3" name="homeLoanwebLogin" time="0.0">
    <ignored/>
  </testcase> <!-- homeLoanwebLogin -->
  <testcase classname="Test.day2" name="carLoanMobLogin" time="0.0">
    <ignored/>
  </testcase> <!-- carLoanMobLogin -->
  <testcase classname="Test.day1" name="personalLoanwebLogin" time="0.0">
    <ignored/>
  </testcase> <!-- personalLoanwebLogin -->
  <testcase classname="Test.day1" name="personalLoanMobLogin" time="0.0">
    <ignored/>
  </testcase> <!-- personalLoanMobLogin -->
  <testcase classname="Test.day3" name="homeLoan" time="0.0">
    <ignored/>
  </testcase> <!-- homeLoan -->
  <testcase classname="Test.day2" name="carLoan" time="0.0">
    <ignored/>
  </testcase> <!-- carLoan -->
</testsuite> <!-- Regression -->
