<?xml version="1.0" encoding="UTF-8"?>
<!-- Generated by org.testng.reporters.JUnitXMLReporter -->
<testsuite ignored="1" hostname="56VF424" failures="0" tests="7" name="Personal Loan" time="0.114" errors="0" timestamp="2024-07-23T15:13:09 IST">
  <testcase classname="Test.day1" name="personalLoan" time="0.006"/>
  <testcase classname="Test.day1" name="personalLoanMobLogin" time="0.001"/>
  <testcase classname="Test.day1" name="personalLoanMobLogin" time="0.002"/>
  <testcase classname="Test.day1" name="personalLoanMobLogin" time="0.003"/>
  <testcase classname="Test.day2" name="carLoan" time="0.003"/>
  <testcase classname="Test.day2" name="carLoanMobLogin" time="0.002"/>
  <testcase classname="Test.day2" name="carLoanwebLogin" time="0.002"/>
  <testcase classname="Test.day1" name="personalLoanwebLogin" time="0.0">
    <ignored/>
  </testcase> <!-- personalLoanwebLogin -->
</testsuite> <!-- Personal Loan -->
